<?xml version="1.0" encoding="UTF-8"?>
<!-- Generated by org.testng.reporters.JUnitXMLReporter -->
<testsuite ignored="0" hostname="430G5" failures="4" tests="46" name="TestSuite1" time="0.098" errors="0" timestamp="14 мар. 2021 18:32:32 GMT">
  <testcase classname="hw1.AdditionTest" name="testAddDoubles" time="0.011"/>
  <testcase classname="hw1.AdditionTest" name="testAddDoubles" time="0.0"/>
  <testcase classname="hw1.AdditionTest" name="testAddDoubles" time="0.0"/>
  <testcase classname="hw1.AdditionTest" name="testAddDoubles" time="0.0"/>
  <testcase classname="hw1.AdditionTest" name="testAddDoubles" time="0.0"/>
  <testcase classname="hw1.AdditionTest" name="testAddDoubles" time="0.0"/>
  <testcase classname="hw1.AdditionTest" name="testAddDoubles" time="0.001"/>
  <testcase classname="hw1.AdditionTest" name="testAddLong" time="0.001"/>
  <testcase classname="hw1.AdditionTest" name="testAddLong" time="0.0"/>
  <testcase classname="hw1.AdditionTest" name="testAddLong" time="0.0"/>
  <testcase classname="hw1.AdditionTest" name="testAddLong" time="0.0"/>
  <testcase classname="hw1.AdditionTest" name="testAddLong" time="0.0"/>
  <testcase classname="hw1.SubtractionTest" name="testSubDoubles" time="0.0"/>
  <testcase classname="hw1.SubtractionTest" name="testSubDoubles" time="0.0"/>
  <testcase classname="hw1.SubtractionTest" name="testSubDoubles" time="0.001"/>
  <testcase classname="hw1.SubtractionTest" name="testSubDoubles" time="0.0"/>
  <testcase classname="hw1.SubtractionTest" name="testSubDoubles" time="0.0"/>
  <testcase classname="hw1.SubtractionTest" name="testSubDoubles" time="0.001"/>
  <testcase classname="hw1.SubtractionTest" name="testSubDoubles" time="0.0"/>
  <testcase classname="hw1.SubtractionTest" name="testSubDoubles" time="0.0"/>
  <testcase classname="hw1.SubtractionTest" name="testSubDoubles" time="0.0"/>
  <testcase classname="hw1.SubtractionTest" name="testSubLong" time="0.0"/>
  <testcase classname="hw1.SubtractionTest" name="testSubLong" time="0.0"/>
  <testcase classname="hw1.SubtractionTest" name="testSubLong" time="0.001"/>
  <testcase classname="hw1.SubtractionTest" name="testSubLong" time="0.0"/>
  <testcase classname="hw1.SubtractionTest" name="testSubLong" time="0.0"/>
  <testcase classname="hw1.SubtractionTest" name="testSubLong" time="0.001"/>
  <testcase classname="hw1.MultiplicationTest" name="testMultiDoubles" time="0.002">
    <failure type="java.lang.AssertionError" message="expected [122.5] but found [122.0]">
      <![CDATA[java.lang.AssertionError: expected [122.5] but found [122.0]
	at hw1.MultiplicationTest.testMultiDoubles(MultiplicationTest.java:28)
... Removed 34 stack frames]]>
    </failure>
  </testcase> <!-- testMultiDoubles -->
  <testcase classname="hw1.MultiplicationTest" name="testMultiDoubles" time="0.0"/>
  <testcase classname="hw1.MultiplicationTest" name="testMultiDoubles" time="0.001">
    <failure type="java.lang.AssertionError" message="expected [-47.599999999999994] but found [-48.0]">
      <![CDATA[java.lang.AssertionError: expected [-47.599999999999994] but found [-48.0]
	at hw1.MultiplicationTest.testMultiDoubles(MultiplicationTest.java:28)
... Removed 34 stack frames]]>
    </failure>
  </testcase> <!-- testMultiDoubles -->
  <testcase classname="hw1.MultiplicationTest" name="testMultiDoubles" time="0.001">
    <failure type="java.lang.AssertionError" message="expected [86.24000000000001] but found [86.0]">
      <![CDATA[java.lang.AssertionError: expected [86.24000000000001] but found [86.0]
	at hw1.MultiplicationTest.testMultiDoubles(MultiplicationTest.java:28)
... Removed 34 stack frames]]>
    </failure>
  </testcase> <!-- testMultiDoubles -->
  <testcase classname="hw1.MultiplicationTest" name="testMultiDoubles" time="0.0"/>
  <testcase classname="hw1.MultiplicationTest" name="testMultiDoubles" time="0.0">
    <failure type="java.lang.AssertionError" message="expected [6.70611611119401E8] but found [6.70611611E8]">
      <![CDATA[java.lang.AssertionError: expected [6.70611611119401E8] but found [6.70611611E8]
	at hw1.MultiplicationTest.testMultiDoubles(MultiplicationTest.java:28)
... Removed 34 stack frames]]>
    </failure>
  </testcase> <!-- testMultiDoubles -->
  <testcase classname="hw1.MultiplicationTest" name="testMultiLong" time="0.0"/>
  <testcase classname="hw1.MultiplicationTest" name="testMultiLong" time="0.001"/>
  <testcase classname="hw1.MultiplicationTest" name="testMultiLong" time="0.0"/>
  <testcase classname="hw1.MultiplicationTest" name="testMultiLong" time="0.0"/>
  <testcase classname="hw1.MultiplicationTest" name="testMultiLong" time="0.0"/>
  <testcase classname="hw1.DivisionTest" name="testDivDoubles" time="0.0"/>
  <testcase classname="hw1.DivisionTest" name="testDivDoubles" time="0.0"/>
  <testcase classname="hw1.DivisionTest" name="testDivDoubles" time="0.0"/>
  <testcase classname="hw1.DivisionTest" name="testDivDoubles" time="0.001"/>
  <testcase classname="hw1.DivisionTest" name="testDivDoubles" time="0.0"/>
  <testcase classname="hw1.DivisionTest" name="testDivDoubles" time="0.001"/>
  <testcase classname="hw1.DivisionTest" name="testDivDoubles" time="0.0"/>
  <testcase classname="hw1.DivisionTest" name="testDivLong" time="0.0">
    <skipped/>
  </testcase> <!-- testDivLong -->
</testsuite> <!-- TestSuite1 -->
