<html>
<head>
<title>TestNG:  TestSuite1</title>
<link href="../testng.css" rel="stylesheet" type="text/css" />
<link href="../my-testng.css" rel="stylesheet" type="text/css" />

<style type="text/css">
.log { display: none;} 
.stack-trace { display: none;} 
</style>
<script type="text/javascript">
<!--
function flip(e) {
  current = e.style.display;
  if (current == 'block') {
    e.style.display = 'none';
    return 0;
  }
  else {
    e.style.display = 'block';
    return 1;
  }
}

function toggleBox(szDivId, elem, msg1, msg2)
{
  var res = -1;  if (document.getElementById) {
    res = flip(document.getElementById(szDivId));
  }
  else if (document.all) {
    // this is the way old msie versions work
    res = flip(document.all[szDivId]);
  }
  if(elem) {
    if(res == 0) elem.innerHTML = msg1; else elem.innerHTML = msg2;
  }

}

function toggleAllBoxes() {
  if (document.getElementsByTagName) {
    d = document.getElementsByTagName('div');
    for (i = 0; i < d.length; i++) {
      if (d[i].className == 'log') {
        flip(d[i]);
      }
    }
  }
}

// -->
</script>

</head>
<body>
<h2 align='center'>TestSuite1</h2><table border='1' align="center">
<tr>
<td>Tests passed/Failed/Skipped:</td><td>41/4/1</td>
</tr><tr>
<td>Started on:</td><td>Sun Mar 14 21:32:32 MSK 2021</td>
</tr>
<tr><td>Total time:</td><td>0 seconds (98 ms)</td>
</tr><tr>
<td>Included groups:</td><td></td>
</tr><tr>
<td>Excluded groups:</td><td></td>
</tr>
</table><p/>
<small><i>(Hover the method name to see the test class name)</i></small><p/>
<table width='100%' border='1' class='invocation-failed'>
<tr><td colspan='4' align='center'><b>FAILED TESTS</b></td></tr>
<tr><td><b>Test method</b></td>
<td width="30%"><b>Exception</b></td>
<td width="10%"><b>Time (seconds)</b></td>
<td><b>Instance</b></td>
</tr>
<tr>
<td title='hw1.MultiplicationTest.testMultiDoubles()'><b>testMultiDoubles</b><br>Test class: hw1.MultiplicationTest<br>Parameters: 49.0, 2.5, 122.5</td>
<td><div><pre>java.lang.AssertionError: expected [122.5] but found [122.0]
	at hw1.MultiplicationTest.testMultiDoubles(MultiplicationTest.java:28)
... Removed 34 stack frames</pre></div><a href='#' onClick='toggleBox("stack-trace124323713", this, "Click to show all stack frames", "Click to hide stack frames")'>Click to show all stack frames</a>
<div class='stack-trace' id='stack-trace124323713'><pre>java.lang.AssertionError: expected [122.5] but found [122.0]
	at org.testng.Assert.fail(Assert.java:94)
	at org.testng.Assert.failNotEquals(Assert.java:513)
	at org.testng.Assert.assertEqualsImpl(Assert.java:135)
	at org.testng.Assert.assertEquals(Assert.java:116)
	at org.testng.Assert.assertEquals(Assert.java:179)
	at hw1.MultiplicationTest.testMultiDoubles(MultiplicationTest.java:28)
	at java.base/jdk.internal.reflect.NativeMethodAccessorImpl.invoke0(Native Method)
	at java.base/jdk.internal.reflect.NativeMethodAccessorImpl.invoke(NativeMethodAccessorImpl.java:62)
	at java.base/jdk.internal.reflect.DelegatingMethodAccessorImpl.invoke(DelegatingMethodAccessorImpl.java:43)
	at java.base/java.lang.reflect.Method.invoke(Method.java:566)
	at org.testng.internal.MethodInvocationHelper.invokeMethod(MethodInvocationHelper.java:104)
	at org.testng.internal.Invoker.invokeMethod(Invoker.java:645)
	at org.testng.internal.Invoker.invokeTestMethod(Invoker.java:851)
	at org.testng.internal.Invoker.invokeTestMethods(Invoker.java:1177)
	at org.testng.internal.TestMethodWorker.invokeTestMethods(TestMethodWorker.java:129)
	at org.testng.internal.TestMethodWorker.run(TestMethodWorker.java:112)
	at org.testng.TestRunner.privateRun(TestRunner.java:756)
	at org.testng.TestRunner.run(TestRunner.java:610)
	at org.testng.SuiteRunner.runTest(SuiteRunner.java:387)
	at org.testng.SuiteRunner.runSequentially(SuiteRunner.java:382)
	at org.testng.SuiteRunner.privateRun(SuiteRunner.java:340)
	at org.testng.SuiteRunner.run(SuiteRunner.java:289)
	at org.testng.SuiteRunnerWorker.runSuite(SuiteRunnerWorker.java:52)
	at org.testng.SuiteRunnerWorker.run(SuiteRunnerWorker.java:86)
	at org.testng.TestNG.runSuitesSequentially(TestNG.java:1293)
	at org.testng.TestNG.runSuitesLocally(TestNG.java:1218)
	at org.testng.TestNG.runSuites(TestNG.java:1133)
	at org.testng.TestNG.run(TestNG.java:1104)
	at org.apache.maven.surefire.testng.TestNGExecutor.run(TestNGExecutor.java:284)
	at org.apache.maven.surefire.testng.TestNGXmlTestSuite.execute(TestNGXmlTestSuite.java:75)
	at org.apache.maven.surefire.testng.TestNGProvider.invoke(TestNGProvider.java:119)
	at org.apache.maven.surefire.booter.ForkedBooter.runSuitesInProcess(ForkedBooter.java:428)
	at org.apache.maven.surefire.booter.ForkedBooter.execute(ForkedBooter.java:162)
	at org.apache.maven.surefire.booter.ForkedBooter.run(ForkedBooter.java:562)
	at org.apache.maven.surefire.booter.ForkedBooter.main(ForkedBooter.java:548)
</pre></div></td>
<td>0</td>
<td>hw1.MultiplicationTest@40005471</td></tr>
<tr>
<td title='hw1.MultiplicationTest.testMultiDoubles()'><b>testMultiDoubles</b><br>Test class: hw1.MultiplicationTest<br>Parameters: -5.6, 8.5, -47.599999999999994</td>
<td><div><pre>java.lang.AssertionError: expected [-47.599999999999994] but found [-48.0]
	at hw1.MultiplicationTest.testMultiDoubles(MultiplicationTest.java:28)
... Removed 34 stack frames</pre></div><a href='#' onClick='toggleBox("stack-trace843512726", this, "Click to show all stack frames", "Click to hide stack frames")'>Click to show all stack frames</a>
<div class='stack-trace' id='stack-trace843512726'><pre>java.lang.AssertionError: expected [-47.599999999999994] but found [-48.0]
	at org.testng.Assert.fail(Assert.java:94)
	at org.testng.Assert.failNotEquals(Assert.java:513)
	at org.testng.Assert.assertEqualsImpl(Assert.java:135)
	at org.testng.Assert.assertEquals(Assert.java:116)
	at org.testng.Assert.assertEquals(Assert.java:179)
	at hw1.MultiplicationTest.testMultiDoubles(MultiplicationTest.java:28)
	at java.base/jdk.internal.reflect.NativeMethodAccessorImpl.invoke0(Native Method)
	at java.base/jdk.internal.reflect.NativeMethodAccessorImpl.invoke(NativeMethodAccessorImpl.java:62)
	at java.base/jdk.internal.reflect.DelegatingMethodAccessorImpl.invoke(DelegatingMethodAccessorImpl.java:43)
	at java.base/java.lang.reflect.Method.invoke(Method.java:566)
	at org.testng.internal.MethodInvocationHelper.invokeMethod(MethodInvocationHelper.java:104)
	at org.testng.internal.Invoker.invokeMethod(Invoker.java:645)
	at org.testng.internal.Invoker.invokeTestMethod(Invoker.java:851)
	at org.testng.internal.Invoker.invokeTestMethods(Invoker.java:1177)
	at org.testng.internal.TestMethodWorker.invokeTestMethods(TestMethodWorker.java:129)
	at org.testng.internal.TestMethodWorker.run(TestMethodWorker.java:112)
	at org.testng.TestRunner.privateRun(TestRunner.java:756)
	at org.testng.TestRunner.run(TestRunner.java:610)
	at org.testng.SuiteRunner.runTest(SuiteRunner.java:387)
	at org.testng.SuiteRunner.runSequentially(SuiteRunner.java:382)
	at org.testng.SuiteRunner.privateRun(SuiteRunner.java:340)
	at org.testng.SuiteRunner.run(SuiteRunner.java:289)
	at org.testng.SuiteRunnerWorker.runSuite(SuiteRunnerWorker.java:52)
	at org.testng.SuiteRunnerWorker.run(SuiteRunnerWorker.java:86)
	at org.testng.TestNG.runSuitesSequentially(TestNG.java:1293)
	at org.testng.TestNG.runSuitesLocally(TestNG.java:1218)
	at org.testng.TestNG.runSuites(TestNG.java:1133)
	at org.testng.TestNG.run(TestNG.java:1104)
	at org.apache.maven.surefire.testng.TestNGExecutor.run(TestNGExecutor.java:284)
	at org.apache.maven.surefire.testng.TestNGXmlTestSuite.execute(TestNGXmlTestSuite.java:75)
	at org.apache.maven.surefire.testng.TestNGProvider.invoke(TestNGProvider.java:119)
	at org.apache.maven.surefire.booter.ForkedBooter.runSuitesInProcess(ForkedBooter.java:428)
	at org.apache.maven.surefire.booter.ForkedBooter.execute(ForkedBooter.java:162)
	at org.apache.maven.surefire.booter.ForkedBooter.run(ForkedBooter.java:562)
	at org.apache.maven.surefire.booter.ForkedBooter.main(ForkedBooter.java:548)
</pre></div></td>
<td>0</td>
<td>hw1.MultiplicationTest@40005471</td></tr>
<tr>
<td title='hw1.MultiplicationTest.testMultiDoubles()'><b>testMultiDoubles</b><br>Test class: hw1.MultiplicationTest<br>Parameters: -8.8, -9.8, 86.24000000000001</td>
<td><div><pre>java.lang.AssertionError: expected [86.24000000000001] but found [86.0]
	at hw1.MultiplicationTest.testMultiDoubles(MultiplicationTest.java:28)
... Removed 34 stack frames</pre></div><a href='#' onClick='toggleBox("stack-trace773989906", this, "Click to show all stack frames", "Click to hide stack frames")'>Click to show all stack frames</a>
<div class='stack-trace' id='stack-trace773989906'><pre>java.lang.AssertionError: expected [86.24000000000001] but found [86.0]
	at org.testng.Assert.fail(Assert.java:94)
	at org.testng.Assert.failNotEquals(Assert.java:513)
	at org.testng.Assert.assertEqualsImpl(Assert.java:135)
	at org.testng.Assert.assertEquals(Assert.java:116)
	at org.testng.Assert.assertEquals(Assert.java:179)
	at hw1.MultiplicationTest.testMultiDoubles(MultiplicationTest.java:28)
	at java.base/jdk.internal.reflect.NativeMethodAccessorImpl.invoke0(Native Method)
	at java.base/jdk.internal.reflect.NativeMethodAccessorImpl.invoke(NativeMethodAccessorImpl.java:62)
	at java.base/jdk.internal.reflect.DelegatingMethodAccessorImpl.invoke(DelegatingMethodAccessorImpl.java:43)
	at java.base/java.lang.reflect.Method.invoke(Method.java:566)
	at org.testng.internal.MethodInvocationHelper.invokeMethod(MethodInvocationHelper.java:104)
	at org.testng.internal.Invoker.invokeMethod(Invoker.java:645)
	at org.testng.internal.Invoker.invokeTestMethod(Invoker.java:851)
	at org.testng.internal.Invoker.invokeTestMethods(Invoker.java:1177)
	at org.testng.internal.TestMethodWorker.invokeTestMethods(TestMethodWorker.java:129)
	at org.testng.internal.TestMethodWorker.run(TestMethodWorker.java:112)
	at org.testng.TestRunner.privateRun(TestRunner.java:756)
	at org.testng.TestRunner.run(TestRunner.java:610)
	at org.testng.SuiteRunner.runTest(SuiteRunner.java:387)
	at org.testng.SuiteRunner.runSequentially(SuiteRunner.java:382)
	at org.testng.SuiteRunner.privateRun(SuiteRunner.java:340)
	at org.testng.SuiteRunner.run(SuiteRunner.java:289)
	at org.testng.SuiteRunnerWorker.runSuite(SuiteRunnerWorker.java:52)
	at org.testng.SuiteRunnerWorker.run(SuiteRunnerWorker.java:86)
	at org.testng.TestNG.runSuitesSequentially(TestNG.java:1293)
	at org.testng.TestNG.runSuitesLocally(TestNG.java:1218)
	at org.testng.TestNG.runSuites(TestNG.java:1133)
	at org.testng.TestNG.run(TestNG.java:1104)
	at org.apache.maven.surefire.testng.TestNGExecutor.run(TestNGExecutor.java:284)
	at org.apache.maven.surefire.testng.TestNGXmlTestSuite.execute(TestNGXmlTestSuite.java:75)
	at org.apache.maven.surefire.testng.TestNGProvider.invoke(TestNGProvider.java:119)
	at org.apache.maven.surefire.booter.ForkedBooter.runSuitesInProcess(ForkedBooter.java:428)
	at org.apache.maven.surefire.booter.ForkedBooter.execute(ForkedBooter.java:162)
	at org.apache.maven.surefire.booter.ForkedBooter.run(ForkedBooter.java:562)
	at org.apache.maven.surefire.booter.ForkedBooter.main(ForkedBooter.java:548)
</pre></div></td>
<td>0</td>
<td>hw1.MultiplicationTest@40005471</td></tr>
<tr>
<td title='hw1.MultiplicationTest.testMultiDoubles()'><b>testMultiDoubles</b><br>Test class: hw1.MultiplicationTest<br>Parameters: 12345.123, 54321.987, 6.70611611119401E8</td>
<td><div><pre>java.lang.AssertionError: expected [6.70611611119401E8] but found [6.70611611E8]
	at hw1.MultiplicationTest.testMultiDoubles(MultiplicationTest.java:28)
... Removed 34 stack frames</pre></div><a href='#' onClick='toggleBox("stack-trace1944978632", this, "Click to show all stack frames", "Click to hide stack frames")'>Click to show all stack frames</a>
<div class='stack-trace' id='stack-trace1944978632'><pre>java.lang.AssertionError: expected [6.70611611119401E8] but found [6.70611611E8]
	at org.testng.Assert.fail(Assert.java:94)
	at org.testng.Assert.failNotEquals(Assert.java:513)
	at org.testng.Assert.assertEqualsImpl(Assert.java:135)
	at org.testng.Assert.assertEquals(Assert.java:116)
	at org.testng.Assert.assertEquals(Assert.java:179)
	at hw1.MultiplicationTest.testMultiDoubles(MultiplicationTest.java:28)
	at java.base/jdk.internal.reflect.NativeMethodAccessorImpl.invoke0(Native Method)
	at java.base/jdk.internal.reflect.NativeMethodAccessorImpl.invoke(NativeMethodAccessorImpl.java:62)
	at java.base/jdk.internal.reflect.DelegatingMethodAccessorImpl.invoke(DelegatingMethodAccessorImpl.java:43)
	at java.base/java.lang.reflect.Method.invoke(Method.java:566)
	at org.testng.internal.MethodInvocationHelper.invokeMethod(MethodInvocationHelper.java:104)
	at org.testng.internal.Invoker.invokeMethod(Invoker.java:645)
	at org.testng.internal.Invoker.invokeTestMethod(Invoker.java:851)
	at org.testng.internal.Invoker.invokeTestMethods(Invoker.java:1177)
	at org.testng.internal.TestMethodWorker.invokeTestMethods(TestMethodWorker.java:129)
	at org.testng.internal.TestMethodWorker.run(TestMethodWorker.java:112)
	at org.testng.TestRunner.privateRun(TestRunner.java:756)
	at org.testng.TestRunner.run(TestRunner.java:610)
	at org.testng.SuiteRunner.runTest(SuiteRunner.java:387)
	at org.testng.SuiteRunner.runSequentially(SuiteRunner.java:382)
	at org.testng.SuiteRunner.privateRun(SuiteRunner.java:340)
	at org.testng.SuiteRunner.run(SuiteRunner.java:289)
	at org.testng.SuiteRunnerWorker.runSuite(SuiteRunnerWorker.java:52)
	at org.testng.SuiteRunnerWorker.run(SuiteRunnerWorker.java:86)
	at org.testng.TestNG.runSuitesSequentially(TestNG.java:1293)
	at org.testng.TestNG.runSuitesLocally(TestNG.java:1218)
	at org.testng.TestNG.runSuites(TestNG.java:1133)
	at org.testng.TestNG.run(TestNG.java:1104)
	at org.apache.maven.surefire.testng.TestNGExecutor.run(TestNGExecutor.java:284)
	at org.apache.maven.surefire.testng.TestNGXmlTestSuite.execute(TestNGXmlTestSuite.java:75)
	at org.apache.maven.surefire.testng.TestNGProvider.invoke(TestNGProvider.java:119)
	at org.apache.maven.surefire.booter.ForkedBooter.runSuitesInProcess(ForkedBooter.java:428)
	at org.apache.maven.surefire.booter.ForkedBooter.execute(ForkedBooter.java:162)
	at org.apache.maven.surefire.booter.ForkedBooter.run(ForkedBooter.java:562)
	at org.apache.maven.surefire.booter.ForkedBooter.main(ForkedBooter.java:548)
</pre></div></td>
<td>0</td>
<td>hw1.MultiplicationTest@40005471</td></tr>
</table><p>
<table width='100%' border='1' class='invocation-passed'>
<tr><td colspan='4' align='center'><b>PASSED TESTS</b></td></tr>
<tr><td><b>Test method</b></td>
<td width="30%"><b>Exception</b></td>
<td width="10%"><b>Time (seconds)</b></td>
<td><b>Instance</b></td>
</tr>
<tr>
<td title='hw1.AdditionTest.testAddDoubles()'><b>testAddDoubles</b><br>Test class: hw1.AdditionTest<br>Parameters: 49.0, 51.0, 100.0</td>
<td></td>
<td>0</td>
<td>hw1.AdditionTest@4e08711f</td></tr>
<tr>
<td title='hw1.AdditionTest.testAddDoubles()'><b>testAddDoubles</b><br>Test class: hw1.AdditionTest<br>Parameters: 0.0, 0.89, 0.89</td>
<td></td>
<td>0</td>
<td>hw1.AdditionTest@4e08711f</td></tr>
<tr>
<td title='hw1.AdditionTest.testAddDoubles()'><b>testAddDoubles</b><br>Test class: hw1.AdditionTest<br>Parameters: -5.6, -77.5, -83.1</td>
<td></td>
<td>0</td>
<td>hw1.AdditionTest@4e08711f</td></tr>
<tr>
<td title='hw1.AdditionTest.testAddDoubles()'><b>testAddDoubles</b><br>Test class: hw1.AdditionTest<br>Parameters: -8.8, 0.0, -8.8</td>
<td></td>
<td>0</td>
<td>hw1.AdditionTest@4e08711f</td></tr>
<tr>
<td title='hw1.AdditionTest.testAddDoubles()'><b>testAddDoubles</b><br>Test class: hw1.AdditionTest<br>Parameters: 0.0, 0.0, 0.0</td>
<td></td>
<td>0</td>
<td>hw1.AdditionTest@4e08711f</td></tr>
<tr>
<td title='hw1.AdditionTest.testAddDoubles()'><b>testAddDoubles</b><br>Test class: hw1.AdditionTest<br>Parameters: -77.7, 77.7, 0.0</td>
<td></td>
<td>0</td>
<td>hw1.AdditionTest@4e08711f</td></tr>
<tr>
<td title='hw1.AdditionTest.testAddDoubles()'><b>testAddDoubles</b><br>Test class: hw1.AdditionTest<br>Parameters: 1.23456789101123E11, 1.10987654321987E11, 2.3444444342311E11</td>
<td></td>
<td>0</td>
<td>hw1.AdditionTest@4e08711f</td></tr>
<tr>
<td title='hw1.AdditionTest.testAddLong()'><b>testAddLong</b><br>Test class: hw1.AdditionTest<br>Parameters: 49, 51, 100</td>
<td></td>
<td>0</td>
<td>hw1.AdditionTest@4e08711f</td></tr>
<tr>
<td title='hw1.AdditionTest.testAddLong()'><b>testAddLong</b><br>Test class: hw1.AdditionTest<br>Parameters: -40, 40, 0</td>
<td></td>
<td>0</td>
<td>hw1.AdditionTest@4e08711f</td></tr>
<tr>
<td title='hw1.AdditionTest.testAddLong()'><b>testAddLong</b><br>Test class: hw1.AdditionTest<br>Parameters: -5, -77, -82</td>
<td></td>
<td>0</td>
<td>hw1.AdditionTest@4e08711f</td></tr>
<tr>
<td title='hw1.AdditionTest.testAddLong()'><b>testAddLong</b><br>Test class: hw1.AdditionTest<br>Parameters: -8, 0, -8</td>
<td></td>
<td>0</td>
<td>hw1.AdditionTest@4e08711f</td></tr>
<tr>
<td title='hw1.AdditionTest.testAddLong()'><b>testAddLong</b><br>Test class: hw1.AdditionTest<br>Parameters: 0, 0, 0</td>
<td></td>
<td>0</td>
<td>hw1.AdditionTest@4e08711f</td></tr>
<tr>
<td title='hw1.DivisionTest.testDivDoubles()'><b>testDivDoubles</b><br>Test class: hw1.DivisionTest<br>Parameters: 49.0, 7.0, 7.0</td>
<td></td>
<td>0</td>
<td>hw1.DivisionTest@2cd76f31</td></tr>
<tr>
<td title='hw1.DivisionTest.testDivDoubles()'><b>testDivDoubles</b><br>Test class: hw1.DivisionTest<br>Parameters: 9.52, -5.6, -1.7</td>
<td></td>
<td>0</td>
<td>hw1.DivisionTest@2cd76f31</td></tr>
<tr>
<td title='hw1.DivisionTest.testDivDoubles()'><b>testDivDoubles</b><br>Test class: hw1.DivisionTest<br>Parameters: -5.6, -5.6, 1.0</td>
<td></td>
<td>0</td>
<td>hw1.DivisionTest@2cd76f31</td></tr>
<tr>
<td title='hw1.DivisionTest.testDivDoubles()'><b>testDivDoubles</b><br>Test class: hw1.DivisionTest<br>Parameters: 0.0, 8.8, 0.0</td>
<td></td>
<td>0</td>
<td>hw1.DivisionTest@2cd76f31</td></tr>
<tr>
<td title='hw1.DivisionTest.testDivDoubles()'><b>testDivDoubles</b><br>Test class: hw1.DivisionTest<br>Parameters: 0.0, 0.0, NaN</td>
<td></td>
<td>0</td>
<td>hw1.DivisionTest@2cd76f31</td></tr>
<tr>
<td title='hw1.DivisionTest.testDivDoubles()'><b>testDivDoubles</b><br>Test class: hw1.DivisionTest<br>Parameters: -9.8, 0.0, -Infinity</td>
<td></td>
<td>0</td>
<td>hw1.DivisionTest@2cd76f31</td></tr>
<tr>
<td title='hw1.DivisionTest.testDivDoubles()'><b>testDivDoubles</b><br>Test class: hw1.DivisionTest<br>Parameters: 0.123, 654.5, 1.8792971734148204E-4</td>
<td></td>
<td>0</td>
<td>hw1.DivisionTest@2cd76f31</td></tr>
<tr>
<td title='hw1.MultiplicationTest.testMultiDoubles()'><b>testMultiDoubles</b><br>Test class: hw1.MultiplicationTest<br>Parameters: 0.0, 0.89, 0.0</td>
<td></td>
<td>0</td>
<td>hw1.MultiplicationTest@40005471</td></tr>
<tr>
<td title='hw1.MultiplicationTest.testMultiDoubles()'><b>testMultiDoubles</b><br>Test class: hw1.MultiplicationTest<br>Parameters: 0.0, 0.0, 0.0</td>
<td></td>
<td>0</td>
<td>hw1.MultiplicationTest@40005471</td></tr>
<tr>
<td title='hw1.MultiplicationTest.testMultiLong()'><b>testMultiLong</b><br>Test class: hw1.MultiplicationTest<br>Parameters: 49, 2, 98</td>
<td></td>
<td>0</td>
<td>hw1.MultiplicationTest@40005471</td></tr>
<tr>
<td title='hw1.MultiplicationTest.testMultiLong()'><b>testMultiLong</b><br>Test class: hw1.MultiplicationTest<br>Parameters: 0, 5, 0</td>
<td></td>
<td>0</td>
<td>hw1.MultiplicationTest@40005471</td></tr>
<tr>
<td title='hw1.MultiplicationTest.testMultiLong()'><b>testMultiLong</b><br>Test class: hw1.MultiplicationTest<br>Parameters: -5, 8, -40</td>
<td></td>
<td>0</td>
<td>hw1.MultiplicationTest@40005471</td></tr>
<tr>
<td title='hw1.MultiplicationTest.testMultiLong()'><b>testMultiLong</b><br>Test class: hw1.MultiplicationTest<br>Parameters: -8, -9, 72</td>
<td></td>
<td>0</td>
<td>hw1.MultiplicationTest@40005471</td></tr>
<tr>
<td title='hw1.MultiplicationTest.testMultiLong()'><b>testMultiLong</b><br>Test class: hw1.MultiplicationTest<br>Parameters: 0, 0, 0</td>
<td></td>
<td>0</td>
<td>hw1.MultiplicationTest@40005471</td></tr>
<tr>
<td title='hw1.SubtractionTest.testSubDoubles()'><b>testSubDoubles</b><br>Test class: hw1.SubtractionTest<br>Parameters: 49.0, 51.0, -2.0</td>
<td></td>
<td>0</td>
<td>hw1.SubtractionTest@3d285d7e</td></tr>
<tr>
<td title='hw1.SubtractionTest.testSubDoubles()'><b>testSubDoubles</b><br>Test class: hw1.SubtractionTest<br>Parameters: 0.0, -0.89, 0.89</td>
<td></td>
<td>0</td>
<td>hw1.SubtractionTest@3d285d7e</td></tr>
<tr>
<td title='hw1.SubtractionTest.testSubDoubles()'><b>testSubDoubles</b><br>Test class: hw1.SubtractionTest<br>Parameters: -5.6, -77.5, 71.9</td>
<td></td>
<td>0</td>
<td>hw1.SubtractionTest@3d285d7e</td></tr>
<tr>
<td title='hw1.SubtractionTest.testSubDoubles()'><b>testSubDoubles</b><br>Test class: hw1.SubtractionTest<br>Parameters: -8.8, 0.0, -8.8</td>
<td></td>
<td>0</td>
<td>hw1.SubtractionTest@3d285d7e</td></tr>
<tr>
<td title='hw1.SubtractionTest.testSubDoubles()'><b>testSubDoubles</b><br>Test class: hw1.SubtractionTest<br>Parameters: 0.0, 0.0, 0.0</td>
<td></td>
<td>0</td>
<td>hw1.SubtractionTest@3d285d7e</td></tr>
<tr>
<td title='hw1.SubtractionTest.testSubDoubles()'><b>testSubDoubles</b><br>Test class: hw1.SubtractionTest<br>Parameters: 77.78, 77.78, 0.0</td>
<td></td>
<td>0</td>
<td>hw1.SubtractionTest@3d285d7e</td></tr>
<tr>
<td title='hw1.SubtractionTest.testSubDoubles()'><b>testSubDoubles</b><br>Test class: hw1.SubtractionTest<br>Parameters: 0.0, 786.54, -786.54</td>
<td></td>
<td>0</td>
<td>hw1.SubtractionTest@3d285d7e</td></tr>
<tr>
<td title='hw1.SubtractionTest.testSubDoubles()'><b>testSubDoubles</b><br>Test class: hw1.SubtractionTest<br>Parameters: 0.005675, 0.001235, 0.00444</td>
<td></td>
<td>0</td>
<td>hw1.SubtractionTest@3d285d7e</td></tr>
<tr>
<td title='hw1.SubtractionTest.testSubDoubles()'><b>testSubDoubles</b><br>Test class: hw1.SubtractionTest<br>Parameters: -1.23456789101123E11, 1.10987654321987E11, -2.3444444342311E11</td>
<td></td>
<td>0</td>
<td>hw1.SubtractionTest@3d285d7e</td></tr>
<tr>
<td title='hw1.SubtractionTest.testSubLong()'><b>testSubLong</b><br>Test class: hw1.SubtractionTest<br>Parameters: 49, 51, -2</td>
<td></td>
<td>0</td>
<td>hw1.SubtractionTest@3d285d7e</td></tr>
<tr>
<td title='hw1.SubtractionTest.testSubLong()'><b>testSubLong</b><br>Test class: hw1.SubtractionTest<br>Parameters: -40, 40, -80</td>
<td></td>
<td>0</td>
<td>hw1.SubtractionTest@3d285d7e</td></tr>
<tr>
<td title='hw1.SubtractionTest.testSubLong()'><b>testSubLong</b><br>Test class: hw1.SubtractionTest<br>Parameters: 5, 5, 0</td>
<td></td>
<td>0</td>
<td>hw1.SubtractionTest@3d285d7e</td></tr>
<tr>
<td title='hw1.SubtractionTest.testSubLong()'><b>testSubLong</b><br>Test class: hw1.SubtractionTest<br>Parameters: -8, 0, -8</td>
<td></td>
<td>0</td>
<td>hw1.SubtractionTest@3d285d7e</td></tr>
<tr>
<td title='hw1.SubtractionTest.testSubLong()'><b>testSubLong</b><br>Test class: hw1.SubtractionTest<br>Parameters: 0, 0, 0</td>
<td></td>
<td>0</td>
<td>hw1.SubtractionTest@3d285d7e</td></tr>
<tr>
<td title='hw1.SubtractionTest.testSubLong()'><b>testSubLong</b><br>Test class: hw1.SubtractionTest<br>Parameters: 5, -8, 13</td>
<td></td>
<td>0</td>
<td>hw1.SubtractionTest@3d285d7e</td></tr>
</table><p>
<table width='100%' border='1' class='invocation-skipped'>
<tr><td colspan='4' align='center'><b>SKIPPED TESTS</b></td></tr>
<tr><td><b>Test method</b></td>
<td width="30%"><b>Exception</b></td>
<td width="10%"><b>Time (seconds)</b></td>
<td><b>Instance</b></td>
</tr>
<tr>
<td title='hw1.DivisionTest.testDivLong()'><b>testDivLong</b><br>Test class: hw1.DivisionTest</td>
<td><div><pre>java.lang.RuntimeException: java.lang.ArithmeticException: / by zero
Caused by: java.lang.ArithmeticException: / by zero
	at hw1.DivisionTest.DivLong(DivisionTest.java:24)
	... 26 more
... Removed 34 stack frames</pre></div><a href='#' onClick='toggleBox("stack-trace297602875", this, "Click to show all stack frames", "Click to hide stack frames")'>Click to show all stack frames</a>
<div class='stack-trace' id='stack-trace297602875'><pre>java.lang.RuntimeException: java.lang.ArithmeticException: / by zero
	at org.testng.internal.MethodInvocationHelper.invokeMethodNoCheckedException(MethodInvocationHelper.java:49)
	at org.testng.internal.MethodInvocationHelper.invokeDataProvider(MethodInvocationHelper.java:111)
	at org.testng.internal.Parameters.handleParameters(Parameters.java:509)
	at org.testng.internal.Invoker.handleParameters(Invoker.java:1293)
	at org.testng.internal.Invoker.createParameters(Invoker.java:1020)
	at org.testng.internal.Invoker.invokeTestMethods(Invoker.java:1110)
	at org.testng.internal.TestMethodWorker.invokeTestMethods(TestMethodWorker.java:129)
	at org.testng.internal.TestMethodWorker.run(TestMethodWorker.java:112)
	at org.testng.TestRunner.privateRun(TestRunner.java:756)
	at org.testng.TestRunner.run(TestRunner.java:610)
	at org.testng.SuiteRunner.runTest(SuiteRunner.java:387)
	at org.testng.SuiteRunner.runSequentially(SuiteRunner.java:382)
	at org.testng.SuiteRunner.privateRun(SuiteRunner.java:340)
	at org.testng.SuiteRunner.run(SuiteRunner.java:289)
	at org.testng.SuiteRunnerWorker.runSuite(SuiteRunnerWorker.java:52)
	at org.testng.SuiteRunnerWorker.run(SuiteRunnerWorker.java:86)
	at org.testng.TestNG.runSuitesSequentially(TestNG.java:1293)
	at org.testng.TestNG.runSuitesLocally(TestNG.java:1218)
	at org.testng.TestNG.runSuites(TestNG.java:1133)
	at org.testng.TestNG.run(TestNG.java:1104)
	at org.apache.maven.surefire.testng.TestNGExecutor.run(TestNGExecutor.java:284)
	at org.apache.maven.surefire.testng.TestNGXmlTestSuite.execute(TestNGXmlTestSuite.java:75)
	at org.apache.maven.surefire.testng.TestNGProvider.invoke(TestNGProvider.java:119)
	at org.apache.maven.surefire.booter.ForkedBooter.runSuitesInProcess(ForkedBooter.java:428)
	at org.apache.maven.surefire.booter.ForkedBooter.execute(ForkedBooter.java:162)
	at org.apache.maven.surefire.booter.ForkedBooter.run(ForkedBooter.java:562)
	at org.apache.maven.surefire.booter.ForkedBooter.main(ForkedBooter.java:548)
Caused by: java.lang.ArithmeticException: / by zero
	at hw1.DivisionTest.DivLong(DivisionTest.java:24)
	at java.base/jdk.internal.reflect.NativeMethodAccessorImpl.invoke0(Native Method)
	at java.base/jdk.internal.reflect.NativeMethodAccessorImpl.invoke(NativeMethodAccessorImpl.java:62)
	at java.base/jdk.internal.reflect.DelegatingMethodAccessorImpl.invoke(DelegatingMethodAccessorImpl.java:43)
	at java.base/java.lang.reflect.Method.invoke(Method.java:566)
	at org.testng.internal.MethodInvocationHelper.invokeMethod(MethodInvocationHelper.java:104)
	at org.testng.internal.MethodInvocationHelper.invokeMethod(MethodInvocationHelper.java:55)
	at org.testng.internal.MethodInvocationHelper.invokeMethodNoCheckedException(MethodInvocationHelper.java:45)
	... 26 more
</pre></div></td>
<td>0</td>
<td>hw1.DivisionTest@2cd76f31</td></tr>
</table><p>
</body>
</html>